This file contains any messages produced by compilers while
running configure, to aid debugging if configure makes a mistake.

It was created by FULL-PACKAGE-NAME configure VERSION, which was
generated by GNU Autoconf 2.52.  Invocation command line was

  $ ./configure

## ---------- ##
## Platform.  ##
## ---------- ##

hostname = LS-McConnel
uname -m = i686
uname -r = 1.3.19(0.71/3/2)
uname -s = CYGWIN_NT-5.1
uname -v = 2003-01-23 21:31

/usr/bin/uname -p = unknown
/bin/uname -X     = unknown

/bin/arch              = unknown
/usr/bin/arch -k       = unknown
/usr/convex/getsysinfo = unknown
hostinfo               = unknown
/bin/machine           = unknown
/usr/bin/oslevel       = unknown
/bin/universe          = unknown

PATH = /usr/local/bin:/usr/bin:/bin:/c/FW/Bin:/c/Program Files/Microsoft Visual Studio .NET/common7/tools/bin:/c/Program Files/Microsoft Visual Studio .NET/vc7/Bin:/c/Program Files/Microsoft Visual Studio .NET/Common7/Tools:/c/Program Files/Microsoft Visual Studio .NET/Common7/IDE:/c/WINDOWS/system32:/c/WINDOWS:/c/WINDOWS/System32/Wbem:/c/Program Files/Perforce:/c/Program Files/Microsoft Visual Studio .NET/FrameworkSDK/Bin:/c/Program Files/Microsoft SQL Server/80/Tools/BINN:/usr/bin:/usr/local/bin:/usr/bin:/c/Program Files/SSH Communications Security/SSH Secure Shell:/c/RealSSH

## ------------ ##
## Core tests.  ##
## ------------ ##

configure:924: PATH=".;."; conftest.sh
conftest.sh: not found
configure:927: $? = 127
configure:1000: checking for g++
configure:1015: found /usr/bin/g++
configure:1023: result: g++
configure:1038: checking for C++ compiler version
configure:1041: g++ --version </dev/null >&5
g++ (GCC) 3.2 20020927 (prerelease)
Copyright (C) 2002 Free Software Foundation, Inc.
This is free software; see the source for copying conditions.  There is NO
warranty; not even for MERCHANTABILITY or FITNESS FOR A PARTICULAR PURPOSE.

configure:1044: $? = 0
configure:1046: g++ -v </dev/null >&5
Reading specs from /usr/lib/gcc-lib/i686-pc-cygwin/3.2/specs
Configured with: /netrel/src/gcc-3.2-3/configure --enable-languages=c,c++,f77,java --enable-libgcj --enable-threads=posix --with-system-zlib --enable-nls --without-included-gettext --enable-interpreter --disable-sjlj-exceptions --disable-version-specific-runtime-libs --enable-shared --build=i686-pc-linux --host=i686-pc-cygwin --target=i686-pc-cygwin --enable-haifa --prefix=/usr --exec-prefix=/usr --sysconfdir=/etc --libdir=/usr/lib --includedir=/nonexistent/include --libexecdir=/usr/sbin
Thread model: posix
gcc version 3.2 20020927 (prerelease)
configure:1049: $? = 0
configure:1051: g++ -V </dev/null >&5
g++: argument to `-V' missing

configure:1054: $? = 1
configure:1074: checking for C++ compiler default output
configure:1077: g++    conftest.cc  >&5
configure:1080: $? = 0
configure:1109: result: a.exe
configure:1114: checking whether the C++ compiler works
configure:1120: ./a.exe
configure:1123: $? = 0
configure:1138: result: yes
configure:1145: checking whether we are cross compiling
configure:1147: result: no
configure:1150: checking for executable suffix
configure:1152: g++ -o conftest.exe    conftest.cc  >&5
configure:1155: $? = 0
configure:1177: result: .exe
configure:1183: checking for object suffix
configure:1201: g++ -c   conftest.cc >&5
configure:1204: $? = 0
configure:1223: result: o
configure:1227: checking whether we are using the GNU C++ compiler
configure:1248: g++ -c   conftest.cc >&5
configure:1251: $? = 0
configure:1254: test -s conftest.o
configure:1257: $? = 0
configure:1269: result: yes
configure:1275: checking whether g++ accepts -g
configure:1293: g++ -c -g  conftest.cc >&5
configure:1296: $? = 0
configure:1299: test -s conftest.o
configure:1302: $? = 0
configure:1312: result: yes
configure:1352: g++ -c -g -O2  conftest.cc >&5
configure:1355: $? = 0
configure:1358: test -s conftest.o
configure:1361: $? = 0
configure:1383: g++ -c -g -O2  conftest.cc >&5
configure: In function `int main()':
configure:1376: `exit' undeclared (first use this function)
configure:1376: (Each undeclared identifier is reported only once for each
   function it appears in.)
configure:1386: $? = 1
configure: failed program was:
#line 1371 "configure"
#include "confdefs.h"

int
main ()
{
exit (42);
  ;
  return 0;
}
configure:1352: g++ -c -g -O2  conftest.cc >&5
configure:1355: $? = 0
configure:1358: test -s conftest.o
configure:1361: $? = 0
configure:1383: g++ -c -g -O2  conftest.cc >&5
configure:1386: $? = 0
configure:1389: test -s conftest.o
configure:1392: $? = 0
configure:1678: checking how to run the C++ preprocessor
configure:1700: g++ -E  conftest.cc
configure:1706: $? = 0
configure:1733: g++ -E  conftest.cc
configure:1730:28: ac_nonexistent.h: No such file or directory
configure:1739: $? = 1
configure: failed program was:
#line 1729 "configure"
#include "confdefs.h"
#include <ac_nonexistent.h>
configure:1776: result: g++ -E
configure:1791: g++ -E  conftest.cc
configure:1797: $? = 0
configure:1824: g++ -E  conftest.cc
configure:1821:28: ac_nonexistent.h: No such file or directory
configure:1830: $? = 1
configure: failed program was:
#line 1820 "configure"
#include "confdefs.h"
#include <ac_nonexistent.h>
configure:1872: checking for sstream
configure:1882: g++ -E  conftest.cc
configure:1888: $? = 0
configure:1907: result: yes
configure:2032: creating ./config.status

## ----------------------- ##
## Running config.status.  ##
## ----------------------- ##

This file was extended by config.status (FULL-PACKAGE-NAME VERSION) 2.52, executed with
  CONFIG_FILES    =
  CONFIG_HEADERS  =
  CONFIG_LINKS    =
  CONFIG_COMMANDS =
  > ./config.status
on LS-McConnel

config.status:2460: creating Makefile

## ----------------- ##
## Cache variables.  ##
## ----------------- ##

ac_cv_prog_CXXCPP='g++ -E'
ac_cv_env_CXXFLAGS_value=''
ac_cv_env_CXXCPP_set=''
ac_cv_env_LDFLAGS_set=''
ac_cv_exeext='.exe'
ac_cv_header_sstream='yes'
ac_cv_env_CPPFLAGS_set=''
ac_cv_cxx_compiler_gnu='yes'
ac_cv_env_CXX_set=''
ac_cv_env_host_alias_set=''
ac_cv_env_build_alias_set=''
ac_cv_env_CXXCPP_value=''
ac_cv_env_LDFLAGS_value=''
ac_cv_env_target_alias_set=''
ac_cv_prog_ac_ct_CXX='g++'
ac_cv_env_CPPFLAGS_value=''
ac_cv_env_CXXFLAGS_set=''
ac_cv_env_CXX_value=''
ac_cv_env_host_alias_value=''
ac_cv_prog_cxx_g='yes'
ac_cv_env_build_alias_value=''
ac_cv_env_target_alias_value=''
ac_cv_objext='o'

## ------------ ##
## confdefs.h.  ##
## ------------ ##

#ifdef __cplusplus
#include <stdlib.h>
#endif
#define HAVE_SSTREAM 1


configure: exit 0
